<?xml version="1.0" encoding="UTF-8"?>
<!-- Generated by org.testng.reporters.JUnitXMLReporter -->
<testsuite ignored="0" hostname="ATMECSINLT-601" failures="0" tests="1" name="FirefoxTest" time="29.937" errors="0" timestamp="2020-12-07T17:25:45 IST">
  <testcase classname="com.atmecs.archetype.testscript.SearchProductTest" name="@BeforeMethod initBrowser" time="0.005">
    <failure type="java.net.MalformedURLException" message="unknown protocol: localhost">
      <![CDATA[java.net.MalformedURLException: unknown protocol: localhost
at java.base/java.net.URL.<init>(URL.java:679)
at java.base/java.net.URL.<init>(URL.java:568)
at java.base/java.net.URL.<init>(URL.java:515)
at com.atmecs.archetype.testscript.SearchProductTest.initBrowser(SearchProductTest.java:33)
at java.base/java.util.ArrayList.forEach(ArrayList.java:1510)
at java.base/java.util.concurrent.FutureTask.run(FutureTask.java:264)
at java.base/java.util.concurrent.ThreadPoolExecutor.runWorker(ThreadPoolExecutor.java:1130)
at java.base/java.util.concurrent.ThreadPoolExecutor$Worker.run(ThreadPoolExecutor.java:630)
at java.base/java.lang.Thread.run(Thread.java:832)
... Removed 22 stack frames]]>
    </failure>
  </testcase> <!-- @BeforeMethod initBrowser -->
  <testcase classname="com.atmecs.archetype.testscript.SearchProductTest" name="@AfterMethod closeBrowser" time="-1.607342144845E9">
    <skipped/>
  </testcase> <!-- @AfterMethod closeBrowser -->
  <testcase classname="com.atmecs.archetype.pages.BasePage" name="@AfterMethod afterTest" time="-1.607342144845E9">
    <skipped/>
  </testcase> <!-- @AfterMethod afterTest -->
  <testcase classname="com.atmecs.archetype.testscript.SearchProductTest" name="searchProduct" time="0.0">
    <skipped/>
  </testcase> <!-- searchProduct -->
</testsuite> <!-- FirefoxTest -->
