<?xml version="1.0" encoding="UTF-8"?>
<!-- Generated by org.testng.reporters.JUnitXMLReporter -->
<testsuite ignored="0" hostname="ATMECSINLT-601" failures="1" tests="1" name="FirefoxTest" time="46.496" errors="0" timestamp="2020-12-07T16:07:54 IST">
  <testcase classname="com.atmecs.archetype.testscript.SearchProductTest" name="searchProduct" time="0.0">
    <failure type="java.lang.NullPointerException">
      <![CDATA[java.lang.NullPointerException
at com.atmecs.archetype.pages.SearchProductPage.enterText(SearchProductPage.java:19)
at com.atmecs.archetype.testscript.SearchProductTest.searchProduct(SearchProductTest.java:24)
at java.base/java.util.ArrayList.forEach(ArrayList.java:1510)
at java.base/java.util.concurrent.FutureTask.run(FutureTask.java:264)
at java.base/java.util.concurrent.ThreadPoolExecutor.runWorker(ThreadPoolExecutor.java:1130)
at java.base/java.util.concurrent.ThreadPoolExecutor$Worker.run(ThreadPoolExecutor.java:630)
at java.base/java.lang.Thread.run(Thread.java:832)
... Removed 18 stack frames]]>
    </failure>
  </testcase> <!-- searchProduct -->
</testsuite> <!-- FirefoxTest -->
