<?xml version="1.0" encoding="UTF-8"?>
<testsuite xmlns:xsi="http://www.w3.org/2001/XMLSchema-instance" xsi:noNamespaceSchemaLocation="https://maven.apache.org/surefire/maven-surefire-plugin/xsd/surefire-test-report-3.0.xsd" version="3.0" name="TestSuite" time="47.684" tests="2" errors="0" skipped="0" failures="2">
  <properties>
[...]
</properties>
  <testcase name="searchProduct" classname="com.atmecs.archetype.testscript.SearchProductTest" time="0.03">
    <failure type="java.lang.NullPointerException"><![CDATA[java.lang.NullPointerException
	at com.atmecs.archetype.testscript.SearchProductTest.searchProduct(SearchProductTest.java:24)
]]></failure>
    <system-out><![CDATA[https://www.amazon.com/
]]></system-out>
    <system-err><![CDATA[Starting ChromeDriver 86.0.4240.22 (398b0743353ff36fb1b82468f63a3a93b4e2e89e-refs/branch-heads/4240@{#378}) on port 13564
Only local connections are allowed.
Please see https://chromedriver.chromium.org/security-considerations for suggestions on keeping ChromeDriver safe.
ChromeDriver was started successfully.
1607337430720	geckodriver	INFO	Listening on 127.0.0.1:34333
1607337431504	mozrunner::runner	INFO	Running command: "C:\\Program Files\\Mozilla Firefox\\firefox.exe" "--marionette" "-foreground" "-no-remote" "-profile" "C:\\Users\\ALFIN~1.ANT\\AppData\\Local\\Temp\\rust_mozprofilerrLITd"
[1607337434.241][WARNING]: This version of ChromeDriver has not been tested with Chrome version 87.
Dec 07, 2020 4:07:16 PM org.openqa.selenium.remote.ProtocolHandshake createSession
INFO: Detected dialect: W3C
Can't find symbol 'eglSwapBuffersWithDamageEXT'.
Can't find symbol 'eglSetDamageRegionKHR'.
]]></system-err>
  </testcase>
  <testcase name="searchProduct" classname="com.atmecs.archetype.testscript.SearchProductTest" time="0">
    <failure type="java.lang.NullPointerException"><![CDATA[java.lang.NullPointerException
	at com.atmecs.archetype.testscript.SearchProductTest.searchProduct(SearchProductTest.java:24)
]]></failure>
    <system-out><![CDATA[https://www.amazon.com/
]]></system-out>
    <system-err><![CDATA[JavaScript error: resource://gre/modules/XULStore.jsm, line 66: Error: Can't find profile directory.
console.warn: SearchSettings: "get: No settings file exists, new profile?" (new Error("", "(unknown module)"))
1607337459426	Marionette	INFO	Listening on port 50451
1607337460331	Marionette	WARN	TLS certificate errors will be ignored for this session
Dec 07, 2020 4:07:40 PM org.openqa.selenium.remote.ProtocolHandshake createSession
INFO: Detected dialect: W3C
]]></system-err>
  </testcase>
</testsuite>